Arguments: 
  /usr/local/bin/node /usr/local/Cellar/yarn/1.3.2/libexec/bin/yarn.js add rxjs

PATH: 
  /Users/seanHolahan/anaconda/bin:/Users/seanHolahan/.rvm/gems/ruby-2.3.1/bin:/Users/seanHolahan/.rvm/gems/ruby-2.3.1@global/bin:/Users/seanHolahan/.rvm/rubies/ruby-2.3.1/bin:/usr/local/bin:/usr/bin:/bin:/usr/sbin:/sbin:/opt/X11/bin:/usr/local/git/bin:/Users/seanHolahan/.rvm/bin

Yarn version: 
  1.3.2

Node version: 
  8.9.0

Platform: 
  darwin x64

npm manifest: 
  {
    "name": "angular-material-demo",
    "version": "0.0.0",
    "license": "MIT",
    "scripts": {
      "ng": "ng",
      "start": "ng serve",
      "build": "ng build",
      "test": "ng test",
      "lint": "ng lint",
      "e2e": "ng e2e"
    },
    "private": true,
    "dependencies": {
      "@angular/animations": "6.0.6",
      "@angular/cdk": "6.3.0",
      "@angular/common": "6.0.6",
      "@angular/compiler": "6.0.6",
      "@angular/core": "6.0.6",
      "@angular/forms": "6.0.6",
      "@angular/http": "^6.0.6",
      "@angular/material": "6.3.0",
      "@angular/platform-browser": "6.0.6",
      "@angular/platform-browser-dynamic": "6.0.6",
      "@angular/router": "^6.0.6",
      "@types/greensock": "^1.15.32",
      "angular-video-background": "^1.0.3",
      "core-js": "^2.5.7",
      "ffmpeg": "0.0.4",
      "hammerjs": "^2.0.8",
      "rxjs": "^6.2.1",
      "zone.js": "~0.8.26"
    },
    "devDependencies": {
      "@angular-devkit/build-angular": "^0.6.8",
      "@angular/cli": "^6.0.8",
      "@angular/compiler-cli": "6.0.6",
      "@types/hammerjs": "^2.0.34",
      "@types/jasmine": "^2.8.8",
      "@types/node": "^9.6.22",
      "codelyzer": "^4.4.2",
      "jasmine-core": "^2.99.1",
      "jasmine-spec-reporter": "^4.1.1",
      "karma": "^2.0.4",
      "karma-chrome-launcher": "^2.2.0",
      "karma-cli": "^1.0.1",
      "karma-coverage-istanbul-reporter": "^1.4.3",
      "karma-jasmine": "^1.1.2",
      "karma-jasmine-html-reporter": "^0.2.2",
      "protractor": "^5.3.2",
      "ts-node": "^3.1.0",
      "tslint": "^5.10.0",
      "typescript": "2.7.2"
    }
  }

yarn manifest: 
  No manifest

Lockfile: 
  No lockfile

Trace: 
  Error: connect ECONNREFUSED 104.16.20.35:443
      at Object._errnoException (util.js:1024:11)
      at _exceptionWithHostPort (util.js:1046:20)
      at TCPConnectWrap.afterConnect [as oncomplete] (net.js:1182:14)
